Кино: 3 песен обновлены
Песни у костра: 4 песен обновлены
Сплин: 1 песен обновлены
ДДТ: 4 песен обновлены
Кино: 0 песен обновлены
Кино: 0 песен обновлены
Песни у костра: 2 песен обновлены
Песни из кино и мультфильмов: 0 песен обновлены
Сплин: 0 песен обновлены
Сектор Газа: 0 песен обновлены
ДДТ: 0 песен обновлены
Гражданская Оборона: 0 песен обновлены
Разные песни: 1 песен обновлены
Король и Шут: 0 песен обновлены
Ария: 0 песен обновлены
Любэ: 0 песен обновлены
Военные, армейские песни: 0 песен обновлены
Баста: 0 песен обновлены
Чиж: 0 песен обновлены
5nizza: 0 песен обновлены
Наутилус Помпилиус: 0 песен обновлены
Земфира: 0 песен обновлены
Розенбаум Александр: 1 песен обновлены
10.05.2017 18:55:39 updated 16 songs
