Кино: 0 песен обновлены
Песни у костра: 0 песен обновлены
Песни из кино и мультфильмов: 0 песен обновлены
Сплин: 0 песен обновлены
Сектор Газа: 0 песен обновлены
ДДТ: 0 песен обновлены
Разные песни: 0 песен обновлены
Гражданская Оборона: 0 песен обновлены
Король и Шут: 0 песен обновлены
Ария: 0 песен обновлены
Военные, армейские песни: 0 песен обновлены
Любэ: 0 песен обновлены
Баста: 0 песен обновлены
Чиж: 0 песен обновлены
5nizza: 0 песен обновлены
Ляпис Трубецкой: 0 песен обновлены
Наутилус Помпилиус: 0 песен обновлены
Агата Кристи: 0 песен обновлены
Би-2: 1 песен обновлены
Земфира: 0 песен обновлены
Розенбаум Александр: 0 песен обновлены
Бумбокс: 0 песен обновлены
Высоцкий Владимир: 0 песен обновлены
Булат Окуджава: 0 песен обновлены
Чайф: 0 песен обновлены
12.05.2017 16:09:02 updated 1 songs
Кино: 0 песен обновлены
Песни у костра: 0 песен обновлены
Песни из кино и мультфильмов: 0 песен обновлены
Сплин: 0 песен обновлены
Сектор Газа: 0 песен обновлены
ДДТ: 0 песен обновлены
Разные песни: 0 песен обновлены
Гражданская Оборона: 0 песен обновлены
Король и Шут: 0 песен обновлены
Ария: 0 песен обновлены
Военные, армейские песни: 0 песен обновлены
Любэ: 0 песен обновлены
Баста: 0 песен обновлены
Чиж: 0 песен обновлены
5nizza: 0 песен обновлены
Ляпис Трубецкой: 0 песен обновлены
Наутилус Помпилиус: 0 песен обновлены
Агата Кристи: 0 песен обновлены
Би-2: 0 песен обновлены
Земфира: 0 песен обновлены
Розенбаум Александр: 0 песен обновлены
Бумбокс: 0 песен обновлены
Высоцкий Владимир: 0 песен обновлены
Булат Окуджава: 0 песен обновлены
Чайф: 0 песен обновлены
12.05.2017 16:11:45 updated 0 songs
Кино: 0 песен обновлены
Песни у костра: 0 песен обновлены
Песни из кино и мультфильмов: 0 песен обновлены
Сплин: 0 песен обновлены
Сектор Газа: 0 песен обновлены
ДДТ: 0 песен обновлены
Разные песни: 0 песен обновлены
Гражданская Оборона: 0 песен обновлены
Король и Шут: 0 песен обновлены
Ария: 0 песен обновлены
Военные, армейские песни: 0 песен обновлены
Любэ: 0 песен обновлены
Баста: 0 песен обновлены
Чиж: 0 песен обновлены
5nizza: 0 песен обновлены
Ляпис Трубецкой: 0 песен обновлены
Наутилус Помпилиус: 0 песен обновлены
Агата Кристи: 0 песен обновлены
Би-2: 0 песен обновлены
Земфира: 0 песен обновлены
Розенбаум Александр: 0 песен обновлены
Бумбокс: 0 песен обновлены
Высоцкий Владимир: 0 песен обновлены
Булат Окуджава: 0 песен обновлены
Чайф: 0 песен обновлены
12.05.2017 16:15:02 updated 0 songs
Кино: 0 песен обновлены
Песни у костра: 0 песен обновлены
Песни из кино и мультфильмов: 0 песен обновлены
Сплин: 0 песен обновлены
Сектор Газа: 0 песен обновлены
ДДТ: 0 песен обновлены
Разные песни: 0 песен обновлены
Гражданская Оборона: 0 песен обновлены
Король и Шут: 0 песен обновлены
Ария: 0 песен обновлены
Военные, армейские песни: 0 песен обновлены
Любэ: 0 песен обновлены
Баста: 0 песен обновлены
Чиж: 0 песен обновлены
5nizza: 0 песен обновлены
Ляпис Трубецкой: 0 песен обновлены
Наутилус Помпилиус: 0 песен обновлены
Агата Кристи: 0 песен обновлены
Би-2: 0 песен обновлены
Земфира: 0 песен обновлены
Розенбаум Александр: 0 песен обновлены
Бумбокс: 0 песен обновлены
Высоцкий Владимир: 0 песен обновлены
Булат Окуджава: 0 песен обновлены
Чайф: 0 песен обновлены
12.05.2017 16:19:09 updated 0 songs
Кино: 0 песен обновлены
Песни у костра: 0 песен обновлены
Песни из кино и мультфильмов: 0 песен обновлены
Сплин: 0 песен обновлены
Сектор Газа: 0 песен обновлены
ДДТ: 0 песен обновлены
Разные песни: 0 песен обновлены
Гражданская Оборона: 0 песен обновлены
Король и Шут: 0 песен обновлены
Ария: 0 песен обновлены
Военные, армейские песни: 0 песен обновлены
Любэ: 0 песен обновлены
Баста: 0 песен обновлены
Чиж: 0 песен обновлены
5nizza: 0 песен обновлены
Ляпис Трубецкой: 0 песен обновлены
Наутилус Помпилиус: 0 песен обновлены
Агата Кристи: 0 песен обновлены
Би-2: 0 песен обновлены
Земфира: 0 песен обновлены
Розенбаум Александр: 0 песен обновлены
Бумбокс: 0 песен обновлены
Высоцкий Владимир: 0 песен обновлены
Булат Окуджава: 0 песен обновлены
Чайф: 0 песен обновлены
12.05.2017 16:29:10 updated 0 songsКино: 0 песен обновлены
Песни у костра: 0 песен обновлены
Песни из кино и мультфильмов: 0 песен обновлены
Сплин: 0 песен обновлены
Сектор Газа: 0 песен обновлены
ДДТ: 0 песен обновлены
Разные песни: 0 песен обновлены
Гражданская Оборона: 0 песен обновлены
Король и Шут: 0 песен обновлены
Ария: 0 песен обновлены
Военные, армейские песни: 0 песен обновлены
Любэ: 0 песен обновлены
Баста: 0 песен обновлены
Чиж: 0 песен обновлены
5nizza: 0 песен обновлены
Ляпис Трубецкой: 0 песен обновлены
Наутилус Помпилиус: 0 песен обновлены
The remote server returned an error: (404) Not Found.
The remote server returned an error: (404) Not Found.
Агата Кристи: 0 песен обновлены
Би-2: 0 песен обновлены
Земфира: 0 песен обновлены
Розенбаум Александр: 0 песен обновлены
Бумбокс: 0 песен обновлены
Высоцкий Владимир: 0 песен обновлены
Булат Окуджава: 0 песен обновлены
Чайф: 0 песен обновлены
12.05.2017 16:39:30 updated 0 songs
Кино: 0 песен обновлены
Песни у костра: 0 песен обновлены
Песни из кино и мультфильмов: 0 песен обновлены
Сплин: 0 песен обновлены
Сектор Газа: 0 песен обновлены
ДДТ: 0 песен обновлены
Разные песни: 0 песен обновлены
Гражданская Оборона: 0 песен обновлены
Король и Шут: 0 песен обновлены
Ария: 0 песен обновлены
Военные, армейские песни: 0 песен обновлены
Любэ: 0 песен обновлены
Баста: 0 песен обновлены
Чиж: 0 песен обновлены
5nizza: 0 песен обновлены
Ляпис Трубецкой: 0 песен обновлены
Наутилус Помпилиус: 0 песен обновлены
The remote server returned an error: (404) Not Found.
The remote server returned an error: (404) Not Found.
Агата Кристи: 0 песен обновлены
Би-2: 0 песен обновлены
Земфира: 0 песен обновлены
Розенбаум Александр: 0 песен обновлены
Бумбокс: 0 песен обновлены
Высоцкий Владимир: 0 песен обновлены
Булат Окуджава: 0 песен обновлены
Чайф: 0 песен обновлены
12.05.2017 16:49:56 updated 0 songs
Кино: 0 песен обновлены
Песни у костра: 0 песен обновлены
Песни из кино и мультфильмов: 0 песен обновлены
Сплин: 0 песен обновлены
Сектор Газа: 0 песен обновлены
ДДТ: 0 песен обновлены
Разные песни: 0 песен обновлены
Гражданская Оборона: 0 песен обновлены
Король и Шут: 0 песен обновлены
Ария: 0 песен обновлены
Военные, армейские песни: 0 песен обновлены
Любэ: 0 песен обновлены
Баста: 0 песен обновлены
Чиж: 0 песен обновлены
5nizza: 0 песен обновлены
Ляпис Трубецкой: 0 песен обновлены
Наутилус Помпилиус: 0 песен обновлены
The remote server returned an error: (404) Not Found.
The remote server returned an error: (404) Not Found.
Агата Кристи: 0 песен обновлены
Би-2: 0 песен обновлены
Земфира: 0 песен обновлены
Розенбаум Александр: 0 песен обновлены
Бумбокс: 0 песен обновлены
Высоцкий Владимир: 0 песен обновлены
Булат Окуджава: 0 песен обновлены
Чайф: 0 песен обновлены
12.05.2017 16:59:42 updated 0 songs
Кино: 0 песен обновлены
Песни у костра: 0 песен обновлены
Песни из кино и мультфильмов: 0 песен обновлены
Сплин: 0 песен обновлены
Сектор Газа: 0 песен обновлены
ДДТ: 0 песен обновлены
Разные песни: 0 песен обновлены
Гражданская Оборона: 0 песен обновлены
Король и Шут: 0 песен обновлены
Ария: 0 песен обновлены
Военные, армейские песни: 0 песен обновлены
Любэ: 0 песен обновлены
Баста: 0 песен обновлены
Чиж: 0 песен обновлены
5nizza: 0 песен обновлены
Ляпис Трубецкой: 0 песен обновлены
Наутилус Помпилиус: 0 песен обновлены
The remote server returned an error: (404) Not Found.
The remote server returned an error: (404) Not Found.
Агата Кристи: 0 песен обновлены
Би-2: 0 песен обновлены
Земфира: 0 песен обновлены
Розенбаум Александр: 0 песен обновлены
Бумбокс: 0 песен обновлены
Высоцкий Владимир: 0 песен обновлены
Булат Окуджава: 0 песен обновлены
Чайф: 0 песен обновлены
12.05.2017 17:09:26 updated 0 songs
Кино: 0 песен обновлены
Песни у костра: 0 песен обновлены
Песни из кино и мультфильмов: 0 песен обновлены
Сплин: 0 песен обновлены
Сектор Газа: 0 песен обновлены
ДДТ: 0 песен обновлены
Разные песни: 0 песен обновлены
Гражданская Оборона: 0 песен обновлены
Король и Шут: 0 песен обновлены
Ария: 0 песен обновлены
Военные, армейские песни: 0 песен обновлены
Любэ: 0 песен обновлены
Баста: 0 песен обновлены
Чиж: 0 песен обновлены
5nizza: 0 песен обновлены
Ляпис Трубецкой: 0 песен обновлены
Наутилус Помпилиус: 0 песен обновлены
The remote server returned an error: (404) Not Found.
The remote server returned an error: (404) Not Found.
Агата Кристи: 0 песен обновлены
Би-2: 0 песен обновлены
Земфира: 0 песен обновлены
Розенбаум Александр: 0 песен обновлены
Бумбокс: 0 песен обновлены
Высоцкий Владимир: 0 песен обновлены
Булат Окуджава: 0 песен обновлены
Чайф: 0 песен обновлены
12.05.2017 17:20:00 updated 0 songs
Кино: 0 песен обновлены
Песни у костра: 0 песен обновлены
Песни из кино и мультфильмов: 0 песен обновлены
Сплин: 0 песен обновлены
Сектор Газа: 0 песен обновлены
ДДТ: 0 песен обновлены
Разные песни: 0 песен обновлены
Гражданская Оборона: 0 песен обновлены
Король и Шут: 0 песен обновлены
Ария: 0 песен обновлены
Военные, армейские песни: 0 песен обновлены
Любэ: 0 песен обновлены
Баста: 0 песен обновлены
Чиж: 0 песен обновлены
5nizza: 0 песен обновлены
Ляпис Трубецкой: 0 песен обновлены
Наутилус Помпилиус: 0 песен обновлены
The remote server returned an error: (404) Not Found.
The remote server returned an error: (404) Not Found.
Агата Кристи: 0 песен обновлены
Би-2: 0 песен обновлены
Земфира: 0 песен обновлены
Розенбаум Александр: 0 песен обновлены
Бумбокс: 0 песен обновлены
Высоцкий Владимир: 0 песен обновлены
Булат Окуджава: 0 песен обновлены
Чайф: 0 песен обновлены
Not found controller
12.05.2017 17:30:04 updated 0 songs
Кино: 0 песен обновлены
Песни у костра: 0 песен обновлены
Песни из кино и мультфильмов: 0 песен обновлены
Сплин: 0 песен обновлены
Сектор Газа: 0 песен обновлены
ДДТ: 0 песен обновлены
Разные песни: 0 песен обновлены
Гражданская Оборона: 0 песен обновлены
Король и Шут: 0 песен обновлены
Ария: 0 песен обновлены
Военные, армейские песни: 0 песен обновлены
Любэ: 0 песен обновлены
Баста: 0 песен обновлены
Чиж: 0 песен обновлены
5nizza: 0 песен обновлены
Ляпис Трубецкой: 0 песен обновлены
Наутилус Помпилиус: 0 песен обновлены
The remote server returned an error: (404) Not Found.
The remote server returned an error: (404) Not Found.
Агата Кристи: 0 песен обновлены
Би-2: 0 песен обновлены
Земфира: 0 песен обновлены
Розенбаум Александр: 0 песен обновлены
Бумбокс: 0 песен обновлены
Высоцкий Владимир: 0 песен обновлены
Булат Окуджава: 0 песен обновлены
Чайф: 0 песен обновлены
12.05.2017 17:39:27 updated 0 songs
Кино: 0 песен обновлены
Песни у костра: 0 песен обновлены
Песни из кино и мультфильмов: 0 песен обновлены
Сплин: 0 песен обновлены
Сектор Газа: 0 песен обновлены
ДДТ: 0 песен обновлены
Разные песни: 0 песен обновлены
Гражданская Оборона: 0 песен обновлены
Король и Шут: 0 песен обновлены
Ария: 0 песен обновлены
Военные, армейские песни: 0 песен обновлены
Любэ: 0 песен обновлены
Баста: 0 песен обновлены
Чиж: 0 песен обновлены
5nizza: 0 песен обновлены
Ляпис Трубецкой: 0 песен обновлены
Наутилус Помпилиус: 0 песен обновлены
The remote server returned an error: (404) Not Found.
The remote server returned an error: (404) Not Found.
Агата Кристи: 0 песен обновлены
Би-2: 0 песен обновлены
Земфира: 0 песен обновлены
Розенбаум Александр: 0 песен обновлены
Бумбокс: 0 песен обновлены
Высоцкий Владимир: 0 песен обновлены
Булат Окуджава: 0 песен обновлены
Чайф: 0 песен обновлены
12.05.2017 17:51:44 updated 0 songs
Кино: 0 песен обновлены
Песни у костра: 0 песен обновлены
Песни из кино и мультфильмов: 0 песен обновлены
Сплин: 0 песен обновлены
Сектор Газа: 0 песен обновлены
ДДТ: 0 песен обновлены
Разные песни: 0 песен обновлены
Гражданская Оборона: 0 песен обновлены
Король и Шут: 0 песен обновлены
Ария: 0 песен обновлены
Военные, армейские песни: 0 песен обновлены
Любэ: 0 песен обновлены
Баста: 0 песен обновлены
Чиж: 0 песен обновлены
5nizza: 0 песен обновлены
Ляпис Трубецкой: 0 песен обновлены
Наутилус Помпилиус: 0 песен обновлены
The remote server returned an error: (404) Not Found.
The remote server returned an error: (404) Not Found.
Агата Кристи: 0 песен обновлены
Би-2: 0 песен обновлены
Земфира: 0 песен обновлены
Розенбаум Александр: 0 песен обновлены
Бумбокс: 0 песен обновлены
Высоцкий Владимир: 0 песен обновлены
Булат Окуджава: 0 песен обновлены
Чайф: 0 песен обновлены
12.05.2017 18:09:03 updated 0 songs
Кино: 0 песен обновлены
Песни у костра: 0 песен обновлены
Песни из кино и мультфильмов: 0 песен обновлены
Сплин: 0 песен обновлены
Сектор Газа: 0 песен обновлены
ДДТ: 0 песен обновлены
Разные песни: 0 песен обновлены
Гражданская Оборона: 0 песен обновлены
Король и Шут: 0 песен обновлены
Ария: 0 песен обновлены
Военные, армейские песни: 0 песен обновлены
Любэ: 0 песен обновлены
Баста: 0 песен обновлены
Чиж: 0 песен обновлены
5nizza: 0 песен обновлены
Ляпис Трубецкой: 0 песен обновлены
Наутилус Помпилиус: 0 песен обновлены
The remote server returned an error: (404) Not Found.
The remote server returned an error: (404) Not Found.
Агата Кристи: 0 песен обновлены
Би-2: 0 песен обновлены
Земфира: 0 песен обновлены
Розенбаум Александр: 0 песен обновлены
Бумбокс: 0 песен обновлены
Высоцкий Владимир: 0 песен обновлены
Булат Окуджава: 0 песен обновлены
Чайф: 0 песен обновлены
Not found controller
12.05.2017 18:19:04 updated 0 songs
Кино: 0 песен обновлены
Песни у костра: 0 песен обновлены
Песни из кино и мультфильмов: 0 песен обновлены
Сплин: 0 песен обновлены
Сектор Газа: 0 песен обновлены
ДДТ: 0 песен обновлены
Разные песни: 0 песен обновлены
Гражданская Оборона: 0 песен обновлены
Король и Шут: 0 песен обновлены
Ария: 0 песен обновлены
Военные, армейские песни: 0 песен обновлены
Любэ: 0 песен обновлены
Баста: 0 песен обновлены
Чиж: 0 песен обновлены
5nizza: 0 песен обновлены
Ляпис Трубецкой: 0 песен обновлены
Наутилус Помпилиус: 0 песен обновлены
The remote server returned an error: (404) Not Found.
The remote server returned an error: (404) Not Found.
Агата Кристи: 0 песен обновлены
Би-2: 0 песен обновлены
Земфира: 0 песен обновлены
Розенбаум Александр: 0 песен обновлены
Бумбокс: 0 песен обновлены
Высоцкий Владимир: 0 песен обновлены
Булат Окуджава: 0 песен обновлены
Чайф: 0 песен обновлены
12.05.2017 18:29:03 updated 0 songs
Кино: 0 песен обновлены
Песни у костра: 0 песен обновлены
Песни из кино и мультфильмов: 0 песен обновлены
Сплин: 0 песен обновлены
Сектор Газа: 0 песен обновлены
ДДТ: 0 песен обновлены
Разные песни: 0 песен обновлены
Гражданская Оборона: 0 песен обновлены
Король и Шут: 0 песен обновлены
Ария: 0 песен обновлены
Военные, армейские песни: 0 песен обновлены
Любэ: 0 песен обновлены
Баста: 0 песен обновлены
Чиж: 0 песен обновлены
5nizza: 0 песен обновлены
Ляпис Трубецкой: 0 песен обновлены
Наутилус Помпилиус: 0 песен обновлены
The remote server returned an error: (404) Not Found.
The remote server returned an error: (404) Not Found.
Агата Кристи: 0 песен обновлены
Би-2: 0 песен обновлены
Земфира: 0 песен обновлены
Розенбаум Александр: 0 песен обновлены
Бумбокс: 0 песен обновлены
Высоцкий Владимир: 0 песен обновлены
Булат Окуджава: 0 песен обновлены
Чайф: 0 песен обновлены
12.05.2017 18:39:07 updated 0 songs
Кино: 0 песен обновлены
Песни у костра: 0 песен обновлены
Песни из кино и мультфильмов: 0 песен обновлены
Сплин: 0 песен обновлены
Сектор Газа: 0 песен обновлены
ДДТ: 0 песен обновлены
Разные песни: 0 песен обновлены
Гражданская Оборона: 0 песен обновлены
Король и Шут: 0 песен обновлены
Ария: 0 песен обновлены
Военные, армейские песни: 0 песен обновлены
Любэ: 0 песен обновлены
Баста: 0 песен обновлены
Чиж: 0 песен обновлены
5nizza: 0 песен обновлены
Ляпис Трубецкой: 0 песен обновлены
Наутилус Помпилиус: 0 песен обновлены
The remote server returned an error: (404) Not Found.
The remote server returned an error: (404) Not Found.
Агата Кристи: 0 песен обновлены
Би-2: 0 песен обновлены
Земфира: 0 песен обновлены
Розенбаум Александр: 0 песен обновлены
Бумбокс: 0 песен обновлены
Высоцкий Владимир: 0 песен обновлены
Булат Окуджава: 0 песен обновлены
Чайф: 0 песен обновлены
Not found controller
12.05.2017 18:49:10 updated 0 songs
Кино: 0 песен обновлены
Песни у костра: 0 песен обновлены
Песни из кино и мультфильмов: 0 песен обновлены
Сплин: 0 песен обновлены
Сектор Газа: 0 песен обновлены
ДДТ: 0 песен обновлены
Разные песни: 0 песен обновлены
Гражданская Оборона: 0 песен обновлены
Король и Шут: 0 песен обновлены
Ария: 0 песен обновлены
Военные, армейские песни: 0 песен обновлены
Любэ: 0 песен обновлены
Баста: 0 песен обновлены
Чиж: 0 песен обновлены
5nizza: 0 песен обновлены
Ляпис Трубецкой: 0 песен обновлены
Наутилус Помпилиус: 0 песен обновлены
The remote server returned an error: (404) Not Found.
The remote server returned an error: (404) Not Found.
Агата Кристи: 0 песен обновлены
Би-2: 0 песен обновлены
Земфира: 0 песен обновлены
Розенбаум Александр: 0 песен обновлены
Бумбокс: 0 песен обновлены
Высоцкий Владимир: 0 песен обновлены
Булат Окуджава: 0 песен обновлены
Чайф: 0 песен обновлены
Not found controller
12.05.2017 18:59:12 updated 0 songs
