Not found controller
11.05.2017 18:28:17 updated 0 songs
Кино: 0 песен обновлены
Песни у костра: 0 песен обновлены
Песни из кино и мультфильмов: 1 песен обновлены
Сплин: 1 песен обновлены
Сектор Газа: 1 песен обновлены
ДДТ: 1 песен обновлены
Разные песни: 1 песен обновлены
Гражданская Оборона: 1 песен обновлены
Король и Шут: 1 песен обновлены
Военные, армейские песни: 1 песен обновлены
Ария: 1 песен обновлены
Любэ: 1 песен обновлены
Баста: 1 песен обновлены
Чиж: 1 песен обновлены
5nizza: 1 песен обновлены
Ляпис Трубецкой: 1 песен обновлены
The remote server returned an error: (404) Not Found.
The remote server returned an error: (404) Not Found.
Агата Кристи: 1 песен обновлены
Наутилус Помпилиус: 1 песен обновлены
Розенбаум Александр: 1 песен обновлены
Земфира: 1 песен обновлены
Би-2: 1 песен обновлены
Not found controller
11.05.2017 19:37:19 updated 1 songs
Кино: 0 песен обновлены
Песни у костра: 0 песен обновлены
Песни из кино и мультфильмов: 0 песен обновлены
Сплин: 0 песен обновлены
Сектор Газа: 0 песен обновлены
ДДТ: 0 песен обновлены
Разные песни: 0 песен обновлены
Гражданская Оборона: 0 песен обновлены
Король и Шут: 0 песен обновлены
Военные, армейские песни: 0 песен обновлены
Ария: 0 песен обновлены
Любэ: 0 песен обновлены
Баста: 0 песен обновлены
Чиж: 0 песен обновлены
5nizza: 0 песен обновлены
Ляпис Трубецкой: 0 песен обновлены
The remote server returned an error: (404) Not Found.
The remote server returned an error: (404) Not Found.
Агата Кристи: 0 песен обновлены
Наутилус Помпилиус: 0 песен обновлены
Розенбаум Александр: 0 песен обновлены
Земфира: 0 песен обновлены
Би-2: 0 песен обновлены
Not found controller
11.05.2017 19:38:31 updated 0 songs
Кино: 0 песен обновлены
Песни у костра: 0 песен обновлены
Песни из кино и мультфильмов: 0 песен обновлены
Сплин: 0 песен обновлены
Сектор Газа: 0 песен обновлены
ДДТ: 0 песен обновлены
Разные песни: 0 песен обновлены
Гражданская Оборона: 0 песен обновлены
Король и Шут: 0 песен обновлены
Военные, армейские песни: 0 песен обновлены
Ария: 0 песен обновлены
Любэ: 0 песен обновлены
Баста: 0 песен обновлены
Чиж: 0 песен обновлены
5nizza: 0 песен обновлены
Ляпис Трубецкой: 0 песен обновлены
The remote server returned an error: (404) Not Found.
The remote server returned an error: (404) Not Found.
Агата Кристи: 0 песен обновлены
Наутилус Помпилиус: 0 песен обновлены
Розенбаум Александр: 0 песен обновлены
Земфира: 0 песен обновлены
Би-2: 0 песен обновлены
11.05.2017 19:39:53 updated 0 songs
Кино: 0 песен обновлены
Песни у костра: 0 песен обновлены
Песни из кино и мультфильмов: 0 песен обновлены
Сплин: 0 песен обновлены
Сектор Газа: 0 песен обновлены
ДДТ: 0 песен обновлены
Разные песни: 0 песен обновлены
Гражданская Оборона: 0 песен обновлены
Король и Шут: 0 песен обновлены
Военные, армейские песни: 0 песен обновлены
Ария: 0 песен обновлены
Любэ: 0 песен обновлены
Баста: 0 песен обновлены
Чиж: 0 песен обновлены
5nizza: 0 песен обновлены
Ляпис Трубецкой: 0 песен обновлены
The remote server returned an error: (404) Not Found.
The remote server returned an error: (404) Not Found.
Агата Кристи: 0 песен обновлены
Наутилус Помпилиус: 0 песен обновлены
Розенбаум Александр: 0 песен обновлены
Земфира: 0 песен обновлены
Би-2: 0 песен обновлены
Not found controller
11.05.2017 20:44:45 updated 0 songs
Кино: 0 песен обновлены
Песни у костра: 0 песен обновлены
Песни из кино и мультфильмов: 0 песен обновлены
Сплин: 0 песен обновлены
Кино: 0 песен обновлены
Песни у костра: 0 песен обновлены
Песни из кино и мультфильмов: 0 песен обновлены
Сплин: 0 песен обновлены
Сектор Газа: 0 песен обновлены
ДДТ: 0 песен обновлены
Разные песни: 0 песен обновлены
Гражданская Оборона: 0 песен обновлены
Король и Шут: 0 песен обновлены
Военные, армейские песни: 0 песен обновлены
Ария: 0 песен обновлены
Любэ: 0 песен обновлены
Баста: 0 песен обновлены
Чиж: 0 песен обновлены
5nizza: 0 песен обновлены
Ляпис Трубецкой: 0 песен обновлены
The remote server returned an error: (404) Not Found.
The remote server returned an error: (404) Not Found.
Агата Кристи: 0 песен обновлены
Наутилус Помпилиус: 0 песен обновлены
Розенбаум Александр: 0 песен обновлены
Земфира: 0 песен обновлены
Би-2: 0 песен обновлены
Not found controller
11.05.2017 20:49:04 updated 0 songs
Кино: 0 песен обновлены
Песни у костра: 0 песен обновлены
Песни из кино и мультфильмов: 0 песен обновлены
Сплин: 0 песен обновлены
Сектор Газа: 0 песен обновлены
ДДТ: 0 песен обновлены
Разные песни: 0 песен обновлены
Гражданская Оборона: 0 песен обновлены
Король и Шут: 0 песен обновлены
Военные, армейские песни: 0 песен обновлены
Ария: 0 песен обновлены
Любэ: 0 песен обновлены
Баста: 0 песен обновлены
Чиж: 0 песен обновлены
5nizza: 0 песен обновлены
Ляпис Трубецкой: 0 песен обновлены
The remote server returned an error: (404) Not Found.
The remote server returned an error: (404) Not Found.
Агата Кристи: 0 песен обновлены
Наутилус Помпилиус: 0 песен обновлены
Розенбаум Александр: 0 песен обновлены
Земфира: 0 песен обновлены
Би-2: 0 песен обновлены
Высоцкий Владимир: 0 песен обновлены
Бумбокс: 0 песен обновлены
Булат Окуджава: 0 песен обновлены
Чайф: 0 песен обновлены
11.05.2017 21:30:02 updated 0 songs
Кино: 0 песен обновлены
Песни у костра: 0 песен обновлены
Песни из кино и мультфильмов: 0 песен обновлены
Сплин: 0 песен обновлены
Сектор Газа: 0 песен обновлены
ДДТ: 0 песен обновлены
Разные песни: 0 песен обновлены
Гражданская Оборона: 0 песен обновлены
Король и Шут: 0 песен обновлены
Военные, армейские песни: 0 песен обновлены
Ария: 0 песен обновлены
Любэ: 0 песен обновлены
Баста: 0 песен обновлены
Чиж: 0 песен обновлены
5nizza: 0 песен обновлены
Ляпис Трубецкой: 0 песен обновлены
The remote server returned an error: (404) Not Found.
The remote server returned an error: (404) Not Found.
Агата Кристи: 0 песен обновлены
Наутилус Помпилиус: 0 песен обновлены
Розенбаум Александр: 0 песен обновлены
Земфира: 0 песен обновлены
Би-2: 0 песен обновлены
Высоцкий Владимир: 0 песен обновлены
Бумбокс: 0 песен обновлены
Булат Окуджава: 0 песен обновлены
Чайф: 0 песен обновлены
11.05.2017 22:08:16 updated 0 songs
Кино: 0 песен обновлены
Песни у костра: 0 песен обновлены
Песни из кино и мультфильмов: 0 песен обновлены
Сплин: 0 песен обновлены
Сектор Газа: 0 песен обновлены
ДДТ: 0 песен обновлены
Разные песни: 0 песен обновлены
Гражданская Оборона: 0 песен обновлены
Король и Шут: 0 песен обновлены
Военные, армейские песни: 0 песен обновлены
Ария: 0 песен обновлены
Любэ: 0 песен обновлены
Баста: 0 песен обновлены
Чиж: 0 песен обновлены
5nizza: 0 песен обновлены
Ляпис Трубецкой: 0 песен обновлены
The remote server returned an error: (404) Not Found.
The remote server returned an error: (404) Not Found.
Агата Кристи: 0 песен обновлены
Наутилус Помпилиус: 0 песен обновлены
Розенбаум Александр: 0 песен обновлены
Земфира: 0 песен обновлены
Би-2: 0 песен обновлены
Высоцкий Владимир: 0 песен обновлены
Бумбокс: 0 песен обновлены
Булат Окуджава: 0 песен обновлены
Чайф: 0 песен обновлены
Not found controller
11.05.2017 22:18:14 updated 0 songs
Кино: 0 песен обновлены
Песни у костра: 0 песен обновлены
Песни из кино и мультфильмов: 0 песен обновлены
Сплин: 0 песен обновлены
Сектор Газа: 0 песен обновлены
ДДТ: 0 песен обновлены
Разные песни: 0 песен обновлены
Гражданская Оборона: 0 песен обновлены
Король и Шут: 0 песен обновлены
Военные, армейские песни: 0 песен обновлены
Ария: 0 песен обновлены
Любэ: 0 песен обновлены
Баста: 0 песен обновлены
Чиж: 0 песен обновлены
5nizza: 0 песен обновлены
Ляпис Трубецкой: 0 песен обновлены
The remote server returned an error: (404) Not Found.
The remote server returned an error: (404) Not Found.
Агата Кристи: 0 песен обновлены
Наутилус Помпилиус: 0 песен обновлены
Розенбаум Александр: 0 песен обновлены
Земфира: 0 песен обновлены
Би-2: 0 песен обновлены
Высоцкий Владимир: 0 песен обновлены
Бумбокс: 0 песен обновлены
Булат Окуджава: 0 песен обновлены
Чайф: 0 песен обновлены
11.05.2017 22:23:17 updated 0 songs
